2015-11-21T06:23:24.054Z - error: uncaughtException: undefined is not a function 
{ date: 'Sat Nov 21 2015 01:23:24 GMT-0500 (EST)',
  process: 
   { pid: 59654,
     uid: 1023513384,
     gid: 1258410764,
     cwd: '/Users/nthang003c/node/LastNyte',
     execPath: '/usr/local/bin/node',
     version: 'v0.12.0',
     argv: [ 'node', '/Users/nthang003c/node/LastNyte/server' ],
     memoryUsage: { rss: 106934272, heapTotal: 84432896, heapUsed: 58099616 } },
  os: { loadavg: [ 5.203125, 3.734375, 3.40234375 ], uptime: 814779 },
  trace: 
   [ { column: 25,
       file: '/Users/nthang003c/node/LastNyte/server/controller/userController.js',
       function: null,
       line: 167,
       method: null,
       native: false },
     { column: 9,
       file: '/Users/nthang003c/node/LastNyte/server/dao/db.js',
       function: null,
       line: 30,
       method: null,
       native: false } ],
  stack: 
   [ 'TypeError: undefined is not a function',
     '    at /Users/nthang003c/node/LastNyte/server/controller/userController.js:167:25',
     '    at /Users/nthang003c/node/LastNyte/server/dao/db.js:30:9' ] }
2015-11-21T06:25:05.239Z - error: uncaughtException: id is not defined 
{ date: 'Sat Nov 21 2015 01:25:05 GMT-0500 (EST)',
  process: 
   { pid: 59797,
     uid: 1023513384,
     gid: 1258410764,
     cwd: '/Users/nthang003c/node/LastNyte',
     execPath: '/usr/local/bin/node',
     version: 'v0.12.0',
     argv: [ 'node', '/Users/nthang003c/node/LastNyte/server' ],
     memoryUsage: { rss: 106450944, heapTotal: 84432896, heapUsed: 58116624 } },
  os: 
   { loadavg: [ 2.85791015625, 3.3349609375, 3.28076171875 ],
     uptime: 814880 },
  trace: 
   [ { column: 27,
       file: '/Users/nthang003c/node/LastNyte/server/controller/userController.js',
       function: null,
       line: 169,
       method: null,
       native: false },
     { column: 9,
       file: '/Users/nthang003c/node/LastNyte/server/dao/db.js',
       function: null,
       line: 30,
       method: null,
       native: false } ],
  stack: 
   [ 'ReferenceError: id is not defined',
     '    at /Users/nthang003c/node/LastNyte/server/controller/userController.js:169:27',
     '    at /Users/nthang003c/node/LastNyte/server/dao/db.js:30:9' ] }
2015-11-21T06:26:11.173Z - audit: resourceRequest=localhost/rest/tracker/testLocation, protocol=http, httpMethod=PUT, deviceType=13 CFNetwork, deviceModel=720.0.9 Darwin, osVersion=14.0.0 (x86_64), clientVersion=undefined, clientOs=CocoaRestClient, deviceId=Value, userId=testLocation, responseData[Success update tracker]
2015-11-21T06:43:26.843Z - error: uncaughtException: Cannot read property 'spec' of undefined 
{ date: 'Sat Nov 21 2015 01:43:26 GMT-0500 (EST)',
  process: 
   { pid: 60741,
     uid: 1023513384,
     gid: 1258410764,
     cwd: '/Users/nthang003c/node/LastNyte',
     execPath: '/usr/local/bin/node',
     version: 'v0.12.0',
     argv: [ 'node', '/Users/nthang003c/node/LastNyte/server' ],
     memoryUsage: { rss: 105414656, heapTotal: 83412992, heapUsed: 57525056 } },
  os: 
   { loadavg: [ 2.21142578125, 2.75927734375, 3.12841796875 ],
     uptime: 815981 },
  trace: 
   [ { column: 12,
       file: '/Users/nthang003c/node/LastNyte/node_modules/swagger-node-express/Common/node/swagger.js',
       function: null,
       line: 494,
       method: null,
       native: false },
     { column: 15,
       file: '/Users/nthang003c/node/LastNyte/node_modules/swagger-node-express/node_modules/lodash/dist/lodash.js',
       function: 'Function.forOwn',
       line: 1301,
       method: 'forOwn',
       native: false },
     { column: 5,
       file: '/Users/nthang003c/node/LastNyte/node_modules/swagger-node-express/Common/node/swagger.js',
       function: 'Swagger.addHandlers',
       line: 493,
       method: 'addHandlers',
       native: false },
     { column: 8,
       file: '/Users/nthang003c/node/LastNyte/node_modules/swagger-node-express/Common/node/swagger.js',
       function: 'Swagger.addGet.Swagger.addGET',
       line: 520,
       method: 'addGet.Swagger.addGET',
       native: false },
     { column: 4,
       file: '/Users/nthang003c/node/LastNyte/server.js',
       function: '',
       line: 79,
       method: null,
       native: false },
     { column: 26,
       file: 'module.js',
       function: 'Module._compile',
       line: 460,
       method: '_compile',
       native: false },
     { column: 10,
       file: 'module.js',
       function: 'Object.Module._extensions..js',
       line: 478,
       method: 'Module._extensions..js',
       native: false },
     { column: 32,
       file: 'module.js',
       function: 'Module.load',
       line: 355,
       method: 'load',
       native: false },
     { column: 12,
       file: 'module.js',
       function: 'Function.Module._load',
       line: 310,
       method: 'Module._load',
       native: false },
     { column: 10,
       file: 'module.js',
       function: 'Function.Module.runMain',
       line: 501,
       method: 'Module.runMain',
       native: false },
     { column: 16,
       file: 'node.js',
       function: 'startup',
       line: 129,
       method: null,
       native: false },
     { column: 3,
       file: 'node.js',
       function: null,
       line: 814,
       method: null,
       native: false } ],
  stack: 
   [ 'TypeError: Cannot read property \'spec\' of undefined',
     '    at /Users/nthang003c/node/LastNyte/node_modules/swagger-node-express/Common/node/swagger.js:494:12',
     '    at Function.forOwn (/Users/nthang003c/node/LastNyte/node_modules/swagger-node-express/node_modules/lodash/dist/lodash.js:1301:15)',
     '    at Swagger.addHandlers (/Users/nthang003c/node/LastNyte/node_modules/swagger-node-express/Common/node/swagger.js:493:5)',
     '    at Swagger.addGet.Swagger.addGET (/Users/nthang003c/node/LastNyte/node_modules/swagger-node-express/Common/node/swagger.js:520:8)',
     '    at Object.<anonymous> (/Users/nthang003c/node/LastNyte/server.js:79:4)',
     '    at Module._compile (module.js:460:26)',
     '    at Object.Module._extensions..js (module.js:478:10)',
     '    at Module.load (module.js:355:32)',
     '    at Function.Module._load (module.js:310:12)',
     '    at Function.Module.runMain (module.js:501:10)',
     '    at startup (node.js:129:16)',
     '    at node.js:814:3' ] }
2015-11-21T06:53:18.756Z - audit: resourceRequest=localhost/rest/tracker/testLocation, protocol=http, httpMethod=GET, deviceType=5.0 (Macintosh; Intel Mac OS X 10_10_0) AppleWebKit, deviceModel=537.36 (KHTML, like Gecko) Chrome, osVersion=46.0.2490.80 Safari, clientVersion=undefined, clientOs=Mozilla, deviceId=null, userId=testLocation, responseData[Success of GetTracker]
